# JRE version: OpenJDK Runtime Environment Temurin-17.0.9+9 (17.0.9+9) (build 17.0.9+9)
# Java VM: OpenJDK 64-Bit Server VM Temurin-17.0.9+9 (17.0.9+9, mixed mode, tiered, compressed oops, compressed class ptrs, parallel gc, linux-amd64)
GC Precious Log:
 CPUs: 8 total, 8 available
 Memory: 3807M
 Large Page Support: Disabled
 NUMA Support: Disabled
 Compressed Oops: Enabled (32-bit)
 Alignments: Space 512K, Generation 512K, Heap 2M
 Heap Min Capacity: 100M
 Heap Initial Capacity: 100M
 Heap Max Capacity: 1G
 Pre-touch: Disabled
 Parallel Workers: 8
Heap:
 PSYoungGen      total 6656K, used 6373K [0x00000000eab00000, 0x00000000eb400000, 0x0000000100000000)
  eden space 5632K, 100% used [0x00000000eab00000,0x00000000eb080000,0x00000000eb080000)
  from space 1024K, 72% used [0x00000000eb300000,0x00000000eb3b95a0,0x00000000eb400000)
  to   space 1536K, 0% used [0x00000000eb100000,0x00000000eb100000,0x00000000eb280000)
 ParOldGen       total 169984K, used 132112K [0x00000000c0000000, 0x00000000ca600000, 0x00000000eab00000)
  object space 169984K, 77% used [0x00000000c0000000,0x00000000c81041e0,0x00000000ca600000)
 Metaspace       used 74852K, committed 76096K, reserved 1179648K
  class space    used 7975K, committed 8512K, reserved 1048576K
GC Heap History (20 events):
Event: 13.805 GC heap after
{Heap after GC invocations=74 (full 6):
 PSYoungGen      total 4608K, used 1722K [0x00000000eab00000, 0x00000000eb900000, 0x0000000100000000)
  eden space 2560K, 0% used [0x00000000eab00000,0x00000000eab00000,0x00000000ead80000)
  from space 2048K, 84% used [0x00000000eb480000,0x00000000eb62e900,0x00000000eb680000)
  to   space 2560K, 0% used [0x00000000eb680000,0x00000000eb680000,0x00000000eb900000)
 ParOldGen       total 169984K, used 112876K [0x00000000c0000000, 0x00000000ca600000, 0x00000000eab00000)
  object space 169984K, 66% used [0x00000000c0000000,0x00000000c6e3b010,0x00000000ca600000)
 Metaspace       used 74330K, committed 75648K, reserved 1179648K
  class space    used 7969K, committed 8512K, reserved 1048576K
}
Event: 13.834 GC heap before
{Heap before GC invocations=75 (full 6):
 PSYoungGen      total 4608K, used 4282K [0x00000000eab00000, 0x00000000eb900000, 0x0000000100000000)
  eden space 2560K, 100% used [0x00000000eab00000,0x00000000ead80000,0x00000000ead80000)
  from space 2048K, 84% used [0x00000000eb480000,0x00000000eb62e900,0x00000000eb680000)
  to   space 2560K, 0% used [0x00000000eb680000,0x00000000eb680000,0x00000000eb900000)
 ParOldGen       total 169984K, used 112876K [0x00000000c0000000, 0x00000000ca600000, 0x00000000eab00000)
  object space 169984K, 66% used [0x00000000c0000000,0x00000000c6e3b010,0x00000000ca600000)
 Metaspace       used 74336K, committed 75648K, reserved 1179648K
  class space    used 7969K, committed 8512K, reserved 1048576K
}
Event: 13.838 GC heap after
{Heap after GC invocations=75 (full 6):
 PSYoungGen      total 3584K, used 448K [0x00000000eab00000, 0x00000000eb700000, 0x0000000100000000)
  eden space 3072K, 0% used [0x00000000eab00000,0x00000000eab00000,0x00000000eae00000)
  from space 512K, 87% used [0x00000000eb680000,0x00000000eb6f0000,0x00000000eb700000)
  to   space 1024K, 0% used [0x00000000eb500000,0x00000000eb500000,0x00000000eb600000)
 ParOldGen       total 169984K, used 114476K [0x00000000c0000000, 0x00000000ca600000, 0x00000000eab00000)
  object space 169984K, 67% used [0x00000000c0000000,0x00000000c6fcb220,0x00000000ca600000)
 Metaspace       used 74336K, committed 75648K, reserved 1179648K
  class space    used 7969K, committed 8512K, reserved 1048576K
}
Event: 13.891 GC heap before
{Heap before GC invocations=76 (full 6):
 PSYoungGen      total 3584K, used 3520K [0x00000000eab00000, 0x00000000eb700000, 0x0000000100000000)
  eden space 3072K, 100% used [0x00000000eab00000,0x00000000eae00000,0x00000000eae00000)
  from space 512K, 87% used [0x00000000eb680000,0x00000000eb6f0000,0x00000000eb700000)
  to   space 1024K, 0% used [0x00000000eb500000,0x00000000eb500000,0x00000000eb600000)
 ParOldGen       total 169984K, used 114476K [0x00000000c0000000, 0x00000000ca600000, 0x00000000eab00000)
  object space 169984K, 67% used [0x00000000c0000000,0x00000000c6fcb220,0x00000000ca600000)
 Metaspace       used 74435K, committed 75712K, reserved 1179648K
  class space    used 7969K, committed 8512K, reserved 1048576K
}
Event: 13.897 GC heap after
{Heap after GC invocations=76 (full 6):
 PSYoungGen      total 5120K, used 517K [0x00000000eab00000, 0x00000000eb700000, 0x0000000100000000)
  eden space 4096K, 0% used [0x00000000eab00000,0x00000000eab00000,0x00000000eaf00000)
  from space 1024K, 50% used [0x00000000eb500000,0x00000000eb5815a0,0x00000000eb600000)
  to   space 1024K, 0% used [0x00000000eb600000,0x00000000eb600000,0x00000000eb700000)
 ParOldGen       total 169984K, used 114868K [0x00000000c0000000, 0x00000000ca600000, 0x00000000eab00000)
  object space 169984K, 67% used [0x00000000c0000000,0x00000000c702d220,0x00000000ca600000)
 Metaspace       used 74435K, committed 75712K, reserved 1179648K
  class space    used 7969K, committed 8512K, reserved 1048576K
}
Event: 13.955 GC heap before
{Heap before GC invocations=77 (full 6):
 PSYoungGen      total 5120K, used 4613K [0x00000000eab00000, 0x00000000eb700000, 0x0000000100000000)
  eden space 4096K, 100% used [0x00000000eab00000,0x00000000eaf00000,0x00000000eaf00000)
  from space 1024K, 50% used [0x00000000eb500000,0x00000000eb5815a0,0x00000000eb600000)
  to   space 1024K, 0% used [0x00000000eb600000,0x00000000eb600000,0x00000000eb700000)
 ParOldGen       total 169984K, used 114868K [0x00000000c0000000, 0x00000000ca600000, 0x00000000eab00000)
  object space 169984K, 67% used [0x00000000c0000000,0x00000000c702d220,0x00000000ca600000)
 Metaspace       used 74476K, committed 75776K, reserved 1179648K
  class space    used 7969K, committed 8512K, reserved 1048576K
}
Event: 13.958 GC heap after
{Heap after GC invocations=77 (full 6):
 PSYoungGen      total 6144K, used 784K [0x00000000eab00000, 0x00000000eb700000, 0x0000000100000000)
  eden space 5120K, 0% used [0x00000000eab00000,0x00000000eab00000,0x00000000eb000000)
  from space 1024K, 76% used [0x00000000eb600000,0x00000000eb6c4010,0x00000000eb700000)
  to   space 1024K, 0% used [0x00000000eb500000,0x00000000eb500000,0x00000000eb600000)
 ParOldGen       total 169984K, used 115265K [0x00000000c0000000, 0x00000000ca600000, 0x00000000eab00000)
  object space 169984K, 67% used [0x00000000c0000000,0x00000000c70907c0,0x00000000ca600000)
 Metaspace       used 74476K, committed 75776K, reserved 1179648K
  class space    used 7969K, committed 8512K, reserved 1048576K
}
Event: 14.038 GC heap before
{Heap before GC invocations=78 (full 6):
 PSYoungGen      total 6144K, used 5904K [0x00000000eab00000, 0x00000000eb700000, 0x0000000100000000)
  eden space 5120K, 100% used [0x00000000eab00000,0x00000000eb000000,0x00000000eb000000)
  from space 1024K, 76% used [0x00000000eb600000,0x00000000eb6c4010,0x00000000eb700000)
  to   space 1024K, 0% used [0x00000000eb500000,0x00000000eb500000,0x00000000eb600000)
 ParOldGen       total 169984K, used 115265K [0x00000000c0000000, 0x00000000ca600000, 0x00000000eab00000)
  object space 169984K, 67% used [0x00000000c0000000,0x00000000c70907c0,0x00000000ca600000)
 Metaspace       used 74585K, committed 75840K, reserved 1179648K
  class space    used 7974K, committed 8512K, reserved 1048576K
}
Event: 14.043 GC heap after
{Heap after GC invocations=78 (full 6):
 PSYoungGen      total 6656K, used 999K [0x00000000eab00000, 0x00000000eb780000, 0x0000000100000000)
  eden space 5632K, 0% used [0x00000000eab00000,0x00000000eab00000,0x00000000eb080000)
  from space 1024K, 97% used [0x00000000eb500000,0x00000000eb5f9c60,0x00000000eb600000)
  to   space 1536K, 0% used [0x00000000eb600000,0x00000000eb600000,0x00000000eb780000)
 ParOldGen       total 169984K, used 117288K [0x00000000c0000000, 0x00000000ca600000, 0x00000000eab00000)
  object space 169984K, 68% used [0x00000000c0000000,0x00000000c728a270,0x00000000ca600000)
 Metaspace       used 74585K, committed 75840K, reserved 1179648K
  class space    used 7974K, committed 8512K, reserved 1048576K
}
Event: 14.064 GC heap before
{Heap before GC invocations=79 (full 6):
 PSYoungGen      total 6656K, used 6631K [0x00000000eab00000, 0x00000000eb780000, 0x0000000100000000)
  eden space 5632K, 100% used [0x00000000eab00000,0x00000000eb080000,0x00000000eb080000)
  from space 1024K, 97% used [0x00000000eb500000,0x00000000eb5f9c60,0x00000000eb600000)
  to   space 1536K, 0% used [0x00000000eb600000,0x00000000eb600000,0x00000000eb780000)
 ParOldGen       total 169984K, used 117288K [0x00000000c0000000, 0x00000000ca600000, 0x00000000eab00000)
  object space 169984K, 68% used [0x00000000c0000000,0x00000000c728a270,0x00000000ca600000)
 Metaspace       used 74585K, committed 75840K, reserved 1179648K
  class space    used 7974K, committed 8512K, reserved 1048576K
}
Event: 14.076 GC heap after
{Heap after GC invocations=79 (full 6):
 PSYoungGen      total 5120K, used 1536K [0x00000000eab00000, 0x00000000ec080000, 0x0000000100000000)
  eden space 3584K, 0% used [0x00000000eab00000,0x00000000eab00000,0x00000000eae80000)
  from space 1536K, 100% used [0x00000000eb600000,0x00000000eb780000,0x00000000eb780000)
  to   space 7680K, 0% used [0x00000000eae80000,0x00000000eae80000,0x00000000eb600000)
 ParOldGen       total 169984K, used 122307K [0x00000000c0000000, 0x00000000ca600000, 0x00000000eab00000)
  object space 169984K, 71% used [0x00000000c0000000,0x00000000c7770ee0,0x00000000ca600000)
 Metaspace       used 74585K, committed 75840K, reserved 1179648K
  class space    used 7974K, committed 8512K, reserved 1048576K
}
Event: 14.095 GC heap before
{Heap before GC invocations=80 (full 6):
 PSYoungGen      total 5120K, used 5120K [0x00000000eab00000, 0x00000000ec080000, 0x0000000100000000)
  eden space 3584K, 100% used [0x00000000eab00000,0x00000000eae80000,0x00000000eae80000)
  from space 1536K, 100% used [0x00000000eb600000,0x00000000eb780000,0x00000000eb780000)
  to   space 7680K, 0% used [0x00000000eae80000,0x00000000eae80000,0x00000000eb600000)
 ParOldGen       total 169984K, used 122307K [0x00000000c0000000, 0x00000000ca600000, 0x00000000eab00000)
  object space 169984K, 71% used [0x00000000c0000000,0x00000000c7770ee0,0x00000000ca600000)
 Metaspace       used 74596K, committed 75840K, reserved 1179648K
  class space    used 7974K, committed 8512K, reserved 1048576K
}
Event: 14.100 GC heap after
{Heap after GC invocations=80 (full 6):
 PSYoungGen      total 7168K, used 3444K [0x00000000eab00000, 0x00000000eb880000, 0x0000000100000000)
  eden space 3584K, 0% used [0x00000000eab00000,0x00000000eab00000,0x00000000eae80000)
  from space 3584K, 96% used [0x00000000eae80000,0x00000000eb1dd0f0,0x00000000eb200000)
  to   space 4608K, 0% used [0x00000000eb400000,0x00000000eb400000,0x00000000eb880000)
 ParOldGen       total 169984K, used 123891K [0x00000000c0000000, 0x00000000ca600000, 0x00000000eab00000)
  object space 169984K, 72% used [0x00000000c0000000,0x00000000c78fcee0,0x00000000ca600000)
 Metaspace       used 74596K, committed 75840K, reserved 1179648K
  class space    used 7974K, committed 8512K, reserved 1048576K
}
Event: 14.114 GC heap before
{Heap before GC invocations=81 (full 6):
 PSYoungGen      total 7168K, used 7028K [0x00000000eab00000, 0x00000000eb880000, 0x0000000100000000)
  eden space 3584K, 100% used [0x00000000eab00000,0x00000000eae80000,0x00000000eae80000)
  from space 3584K, 96% used [0x00000000eae80000,0x00000000eb1dd0f0,0x00000000eb200000)
  to   space 4608K, 0% used [0x00000000eb400000,0x00000000eb400000,0x00000000eb880000)
 ParOldGen       total 169984K, used 123891K [0x00000000c0000000, 0x00000000ca600000, 0x00000000eab00000)
  object space 169984K, 72% used [0x00000000c0000000,0x00000000c78fcee0,0x00000000ca600000)
 Metaspace       used 74604K, committed 75840K, reserved 1179648K
  class space    used 7974K, committed 8512K, reserved 1048576K
}
Event: 14.120 GC heap after
{Heap after GC invocations=81 (full 6):
 PSYoungGen      total 8192K, used 3552K [0x00000000eab00000, 0x00000000eb780000, 0x0000000100000000)
  eden space 4608K, 0% used [0x00000000eab00000,0x00000000eab00000,0x00000000eaf80000)
  from space 3584K, 99% used [0x00000000eb400000,0x00000000eb778000,0x00000000eb780000)
  to   space 4096K, 0% used [0x00000000eaf80000,0x00000000eaf80000,0x00000000eb380000)
 ParOldGen       total 169984K, used 127311K [0x00000000c0000000, 0x00000000ca600000, 0x00000000eab00000)
  object space 169984K, 74% used [0x00000000c0000000,0x00000000c7c53fd0,0x00000000ca600000)
 Metaspace       used 74604K, committed 75840K, reserved 1179648K
  class space    used 7974K, committed 8512K, reserved 1048576K
}
Event: 14.175 GC heap before
{Heap before GC invocations=82 (full 6):
 PSYoungGen      total 8192K, used 8160K [0x00000000eab00000, 0x00000000eb780000, 0x0000000100000000)
  eden space 4608K, 100% used [0x00000000eab00000,0x00000000eaf80000,0x00000000eaf80000)
  from space 3584K, 99% used [0x00000000eb400000,0x00000000eb778000,0x00000000eb780000)
  to   space 4096K, 0% used [0x00000000eaf80000,0x00000000eaf80000,0x00000000eb380000)
 ParOldGen       total 169984K, used 127311K [0x00000000c0000000, 0x00000000ca600000, 0x00000000eab00000)
  object space 169984K, 74% used [0x00000000c0000000,0x00000000c7c53fd0,0x00000000ca600000)
 Metaspace       used 74632K, committed 75904K, reserved 1179648K
  class space    used 7974K, committed 8512K, reserved 1048576K
}
Event: 14.181 GC heap after
{Heap after GC invocations=82 (full 6):
 PSYoungGen      total 6144K, used 1466K [0x00000000eab00000, 0x00000000eb580000, 0x0000000100000000)
  eden space 4608K, 0% used [0x00000000eab00000,0x00000000eab00000,0x00000000eaf80000)
  from space 1536K, 95% used [0x00000000eaf80000,0x00000000eb0ee900,0x00000000eb100000)
  to   space 2560K, 0% used [0x00000000eb300000,0x00000000eb300000,0x00000000eb580000)
 ParOldGen       total 169984K, used 130863K [0x00000000c0000000, 0x00000000ca600000, 0x00000000eab00000)
  object space 169984K, 76% used [0x00000000c0000000,0x00000000c7fcbfd0,0x00000000ca600000)
 Metaspace       used 74632K, committed 75904K, reserved 1179648K
  class space    used 7974K, committed 8512K, reserved 1048576K
}
Event: 14.238 GC heap before
{Heap before GC invocations=83 (full 6):
 PSYoungGen      total 6144K, used 6074K [0x00000000eab00000, 0x00000000eb580000, 0x0000000100000000)
  eden space 4608K, 100% used [0x00000000eab00000,0x00000000eaf80000,0x00000000eaf80000)
  from space 1536K, 95% used [0x00000000eaf80000,0x00000000eb0ee900,0x00000000eb100000)
  to   space 2560K, 0% used [0x00000000eb300000,0x00000000eb300000,0x00000000eb580000)
 ParOldGen       total 169984K, used 130863K [0x00000000c0000000, 0x00000000ca600000, 0x00000000eab00000)
  object space 169984K, 76% used [0x00000000c0000000,0x00000000c7fcbfd0,0x00000000ca600000)
 Metaspace       used 74705K, committed 75968K, reserved 1179648K
  class space    used 7974K, committed 8512K, reserved 1048576K
}
Event: 14.241 GC heap after
{Heap after GC invocations=83 (full 6):
 PSYoungGen      total 6656K, used 741K [0x00000000eab00000, 0x00000000eb400000, 0x0000000100000000)
  eden space 5632K, 0% used [0x00000000eab00000,0x00000000eab00000,0x00000000eb080000)
  from space 1024K, 72% used [0x00000000eb300000,0x00000000eb3b95a0,0x00000000eb400000)
  to   space 1536K, 0% used [0x00000000eb100000,0x00000000eb100000,0x00000000eb280000)
 ParOldGen       total 169984K, used 132112K [0x00000000c0000000, 0x00000000ca600000, 0x00000000eab00000)
  object space 169984K, 77% used [0x00000000c0000000,0x00000000c81041e0,0x00000000ca600000)
 Metaspace       used 74705K, committed 75968K, reserved 1179648K
  class space    used 7974K, committed 8512K, reserved 1048576K
}
Event: 14.350 GC heap before
{Heap before GC invocations=84 (full 6):
 PSYoungGen      total 6656K, used 6373K [0x00000000eab00000, 0x00000000eb400000, 0x0000000100000000)
  eden space 5632K, 100% used [0x00000000eab00000,0x00000000eb080000,0x00000000eb080000)
  from space 1024K, 72% used [0x00000000eb300000,0x00000000eb3b95a0,0x00000000eb400000)
  to   space 1536K, 0% used [0x00000000eb100000,0x00000000eb100000,0x00000000eb280000)
 ParOldGen       total 169984K, used 132112K [0x00000000c0000000, 0x00000000ca600000, 0x00000000eab00000)
  object space 169984K, 77% used [0x00000000c0000000,0x00000000c81041e0,0x00000000ca600000)
 Metaspace       used 74852K, committed 76096K, reserved 1179648K
  class space    used 7975K, committed 8512K, reserved 1048576K
}

